[debug] [2024-03-21T08:50:24.003Z] ----------------------------------------------------------------------
[debug] [2024-03-21T08:50:24.005Z] Command:       C:\Program Files\nodejs\node.exe C:\Users\almah\AppData\Roaming\npm\node_modules\firebase-tools\lib\bin\firebase.js init
[debug] [2024-03-21T08:50:24.005Z] CLI Version:   13.5.2
[debug] [2024-03-21T08:50:24.005Z] Platform:      win32
[debug] [2024-03-21T08:50:24.005Z] Node Version:  v20.10.0
[debug] [2024-03-21T08:50:24.005Z] Time:          Thu Mar 21 2024 09:50:24 GMT+0100 (Central European Standard Time)
[debug] [2024-03-21T08:50:24.006Z] ----------------------------------------------------------------------
[debug] 
[debug] [2024-03-21T08:50:24.086Z] > command requires scopes: ["email","openid","https://www.googleapis.com/auth/cloudplatformprojects.readonly","https://www.googleapis.com/auth/firebase","https://www.googleapis.com/auth/cloud-platform"]
[debug] [2024-03-21T08:50:24.086Z] > authorizing via signed-in user (elmahdie12@gmail.com)
[info] 
     ######## #### ########  ######## ########     ###     ######  ########
     ##        ##  ##     ## ##       ##     ##  ##   ##  ##       ##
     ######    ##  ########  ######   ########  #########  ######  ######
     ##        ##  ##    ##  ##       ##     ## ##     ##       ## ##
     ##       #### ##     ## ######## ########  ##     ##  ######  ########

You're about to initialize a Firebase project in this directory:

  C:\Users\almah\OneDrive\Desktop\final\pokedex

Before we get started, keep in mind:

  * You are initializing within an existing Firebase project directory

